import pathlib
BASE_DIR = pathlib.Path(__file__).resolve().parent.parent

LOGGING = {
    'version': 1,
    'disable_existing_loggers': False,
    'formatters': {
        'simple': {'format': '%(message)s'}
    },
    'handlers': {
        'requests_file': {
            'level': 'INFO',
            'class': 'logging.FileHandler',
            'filename': BASE_DIR / 'requests.log',
            'formatter': 'simple'
        },
        'console': {'class': 'logging.StreamHandler'}
    },
    'loggers': {
        'requests_logger': {
            'handlers': ['requests_file', 'console'],
            'level': 'INFO',
            'propagate': False,
        },
    }
}
2025-10-04 09:37:26,345 - /Users/owner/Desktop/practice/alx-backend-python/Django-Middleware-0x03/chats/middleware.py changed, reloading.
2025-10-04 09:39:30,128 - /Users/owner/Desktop/practice/alx-backend-python/Django-Middleware-0x03/config/settings.py changed, reloading.
2025-10-04 09:40:13,834 - User: Anonymous - Path: /
2025-10-04 09:40:13,835 - Forbidden: /
2025-10-04 09:40:14,307 - User: Anonymous - Path: /favicon.ico
2025-10-04 09:40:14,307 - Forbidden: /favicon.ico
2025-10-04 09:41:19,612 - User: Anonymous - Path: /
2025-10-04 09:41:19,612 - Forbidden: /
2025-10-04 09:42:33,073 - /Users/owner/Desktop/practice/alx-backend-python/Django-Middleware-0x03/chats/middleware.py changed, reloading.
2025-10-04 09:42:38,043 - /Users/owner/Desktop/practice/alx-backend-python/Django-Middleware-0x03/chats/middleware.py changed, reloading.
2025-10-04 09:42:58,196 - User: Anonymous - Path: /
2025-10-04 09:42:58,233 - Not Found: /
2025-10-08 07:24:58,660 - User: Anonymous - Path: /
2025-10-08 07:24:58,703 - Not Found: /
2025-10-08 07:24:59,112 - User: Anonymous - Path: /apple-touch-icon-precomposed.png
2025-10-08 07:24:59,120 - Not Found: /apple-touch-icon-precomposed.png
2025-10-08 07:24:59,337 - User: Anonymous - Path: /apple-touch-icon.png
2025-10-08 07:24:59,361 - Not Found: /apple-touch-icon.png
2025-10-08 07:25:11,041 - User: Anonymous - Path: /
2025-10-08 07:25:11,046 - Not Found: /
2025-10-08 07:25:12,646 - User: Anonymous - Path: /admin/login/
2025-10-08 07:27:28,893 - /Users/owner/Desktop/practice/alx-backend-python/Django-signals_orm-0x04/messaging/models.py changed, reloading.
2025-10-08 07:27:32,931 - /Users/owner/Desktop/practice/alx-backend-python/Django-signals_orm-0x04/messaging/models.py changed, reloading.
2025-10-08 07:27:43,375 - /Users/owner/Desktop/practice/alx-backend-python/Django-signals_orm-0x04/messaging/models.py changed, reloading.
2025-10-08 07:28:19,862 - /Users/owner/Desktop/practice/alx-backend-python/Django-signals_orm-0x04/messaging/models.py changed, reloading.
2025-10-08 07:29:16,522 - /Users/owner/Desktop/practice/alx-backend-python/Django-signals_orm-0x04/messaging/models.py changed, reloading.
2025-10-08 07:29:22,663 - /Users/owner/Desktop/practice/alx-backend-python/Django-signals_orm-0x04/messaging/models.py changed, reloading.
2025-10-08 07:29:34,292 - /Users/owner/Desktop/practice/alx-backend-python/Django-signals_orm-0x04/messaging/models.py changed, reloading.
2025-10-08 07:29:50,837 - /Users/owner/Desktop/practice/alx-backend-python/Django-signals_orm-0x04/messaging/models.py changed, reloading.
2025-10-08 07:29:55,999 - /Users/owner/Desktop/practice/alx-backend-python/Django-signals_orm-0x04/messaging/models.py changed, reloading.
2025-10-08 07:30:02,143 - /Users/owner/Desktop/practice/alx-backend-python/Django-signals_orm-0x04/messaging/models.py changed, reloading.
2025-10-08 07:30:08,216 - /Users/owner/Desktop/practice/alx-backend-python/Django-signals_orm-0x04/messaging/models.py changed, reloading.
2025-10-08 07:30:10,055 - /Users/owner/Desktop/practice/alx-backend-python/Django-signals_orm-0x04/messaging/models.py changed, reloading.
2025-10-08 07:30:15,825 - /Users/owner/Desktop/practice/alx-backend-python/Django-signals_orm-0x04/messaging/models.py changed, reloading.
2025-10-08 07:30:17,565 - /Users/owner/Desktop/practice/alx-backend-python/Django-signals_orm-0x04/messaging/models.py changed, reloading.
2025-10-08 07:30:25,623 - /Users/owner/Desktop/practice/alx-backend-python/Django-signals_orm-0x04/messaging/models.py changed, reloading.
2025-10-08 07:30:29,607 - /Users/owner/Desktop/practice/alx-backend-python/Django-signals_orm-0x04/messaging/models.py changed, reloading.
2025-10-08 07:30:33,463 - /Users/owner/Desktop/practice/alx-backend-python/Django-signals_orm-0x04/messaging/models.py changed, reloading.
2025-10-08 07:30:47,250 - /Users/owner/Desktop/practice/alx-backend-python/Django-signals_orm-0x04/messaging/models.py changed, reloading.
2025-10-08 07:30:58,544 - /Users/owner/Desktop/practice/alx-backend-python/Django-signals_orm-0x04/messaging/models.py changed, reloading.
2025-10-08 07:31:43,047 - /Users/owner/Desktop/practice/alx-backend-python/Django-signals_orm-0x04/messaging/signals.py changed, reloading.
2025-10-08 07:32:05,657 - /Users/owner/Desktop/practice/alx-backend-python/Django-signals_orm-0x04/messaging/signals.py changed, reloading.
2025-10-08 07:32:16,156 - /Users/owner/Desktop/practice/alx-backend-python/Django-signals_orm-0x04/messaging/signals.py changed, reloading.
2025-10-08 07:32:22,072 - /Users/owner/Desktop/practice/alx-backend-python/Django-signals_orm-0x04/messaging/signals.py changed, reloading.
2025-10-08 07:35:01,884 - /Users/owner/Desktop/practice/alx-backend-python/Django-signals_orm-0x04/messaging/signals.py changed, reloading.
2025-10-08 07:35:04,752 - /Users/owner/Desktop/practice/alx-backend-python/Django-signals_orm-0x04/messaging/signals.py changed, reloading.
2025-10-08 07:35:31,566 - /Users/owner/Desktop/practice/alx-backend-python/Django-signals_orm-0x04/messaging/signals.py changed, reloading.
2025-10-08 07:35:40,210 - /Users/owner/Desktop/practice/alx-backend-python/Django-signals_orm-0x04/messaging/signals.py changed, reloading.
2025-10-08 07:35:43,169 - /Users/owner/Desktop/practice/alx-backend-python/Django-signals_orm-0x04/messaging/signals.py changed, reloading.
2025-10-08 07:35:54,536 - /Users/owner/Desktop/practice/alx-backend-python/Django-signals_orm-0x04/messaging/signals.py changed, reloading.
2025-10-08 07:36:15,875 - /Users/owner/Desktop/practice/alx-backend-python/Django-signals_orm-0x04/messaging/signals.py changed, reloading.
2025-10-08 07:36:17,778 - /Users/owner/Desktop/practice/alx-backend-python/Django-signals_orm-0x04/messaging/signals.py changed, reloading.
2025-10-08 07:36:19,531 - /Users/owner/Desktop/practice/alx-backend-python/Django-signals_orm-0x04/messaging/signals.py changed, reloading.
2025-10-08 07:36:21,426 - /Users/owner/Desktop/practice/alx-backend-python/Django-signals_orm-0x04/messaging/signals.py changed, reloading.
2025-10-08 07:36:35,822 - /Users/owner/Desktop/practice/alx-backend-python/Django-signals_orm-0x04/messaging/signals.py changed, reloading.
2025-10-08 07:36:37,681 - /Users/owner/Desktop/practice/alx-backend-python/Django-signals_orm-0x04/messaging/signals.py changed, reloading.
2025-10-08 07:36:39,597 - /Users/owner/Desktop/practice/alx-backend-python/Django-signals_orm-0x04/messaging/signals.py changed, reloading.
2025-10-08 07:36:44,640 - /Users/owner/Desktop/practice/alx-backend-python/Django-signals_orm-0x04/messaging/signals.py changed, reloading.
2025-10-08 07:38:27,146 - /Users/owner/Desktop/practice/alx-backend-python/Django-signals_orm-0x04/messaging/admin.py changed, reloading.
2025-10-08 07:38:32,422 - /Users/owner/Desktop/practice/alx-backend-python/Django-signals_orm-0x04/messaging/admin.py changed, reloading.
